<?xml version="1.0" encoding="UTF-8"?>
<!-- Generated by org.testng.reporters.JUnitReportReporter -->
<testsuite hostname="DESKTOP-MDH6837" name="TestNgDemo.TestNgMaven.AppTest" tests="1" failures="0" timestamp="11 May 2019 07:43:42 GMT" time="0.002" errors="0">
  <testcase name="testApp" time="0.002" classname="TestNgDemo.TestNgMaven.AppTest"/>
</testsuite> <!-- TestNgDemo.TestNgMaven.AppTest -->
