<?xml version="1.0" encoding="UTF-8"?>
<!-- Generated by org.testng.reporters.JUnitReportReporter -->
<testsuite hostname="DESKTOP-MDH6837" name="TestNgDemo.TestNgMaven.AppTest" tests="1" failures="0" timestamp="1 Dec 2019 13:56:38 GMT" time="0.000" errors="0">
  <testcase name="testApp" time="0.000" classname="TestNgDemo.TestNgMaven.AppTest"/>
</testsuite> <!-- TestNgDemo.TestNgMaven.AppTest -->
