<?xml version="1.0" encoding="UTF-8"?>
<!-- Generated by org.testng.reporters.JUnitReportReporter -->
<testsuite hostname="DESKTOP-MDH6837" name="TestNgDemo.TestNgMaven.Login_TestCase" tests="20" failures="0" timestamp="7 Jul 2019 05:19:26 GMT" time="45.338" errors="0">
  <testcase name="click_OnUser" time="2.581" classname="TestNgDemo.TestNgMaven.Login_TestCase"/>
  <testcase name="clickOn_OperatorBtn" time="10.245" classname="TestNgDemo.TestNgMaven.Login_TestCase"/>
  <testcase name="logOutBtn" time="0.368" classname="TestNgDemo.TestNgMaven.Login_TestCase"/>
  <testcase name="verifyApplicationTitle_DashBoard" time="0.011" classname="TestNgDemo.TestNgMaven.Login_TestCase"/>
  <testcase name="Check_PlaceHolder_Password" time="0.020" classname="TestNgDemo.TestNgMaven.Login_TestCase"/>
  <testcase name="heading_Dashboard" time="2.029" classname="TestNgDemo.TestNgMaven.Login_TestCase"/>
  <testcase name="check_Button_color" time="0.067" classname="TestNgDemo.TestNgMaven.Login_TestCase"/>
  <testcase name="loginsesion" time="0.011" classname="TestNgDemo.TestNgMaven.Login_TestCase"/>
  <testcase name="Check_PlaceHolder_Username" time="0.023" classname="TestNgDemo.TestNgMaven.Login_TestCase"/>
  <testcase name="validUsername_Password" time="0.889" classname="TestNgDemo.TestNgMaven.Login_TestCase"/>
  <testcase name="Verify_Url" time="0.018" classname="TestNgDemo.TestNgMaven.Login_TestCase"/>
  <testcase name="check_Links" time="0.051" classname="TestNgDemo.TestNgMaven.Login_TestCase"/>
  <testcase name="Verify_Url_DashBoard" time="0.011" classname="TestNgDemo.TestNgMaven.Login_TestCase"/>
  <testcase name="blank_username_password" time="0.251" classname="TestNgDemo.TestNgMaven.Login_TestCase"/>
  <testcase name="invalidusername_password" time="4.435" classname="TestNgDemo.TestNgMaven.Login_TestCase"/>
  <testcase name="verifyApplicationTitle" time="0.008" classname="TestNgDemo.TestNgMaven.Login_TestCase"/>
  <testcase name="verify_Title" time="0.068" classname="TestNgDemo.TestNgMaven.Login_TestCase"/>
  <testcase name="getTableData" time="7.553" classname="TestNgDemo.TestNgMaven.Login_TestCase"/>
  <testcase name="Click_On_AddUser_Btn" time="2.428" classname="TestNgDemo.TestNgMaven.Login_TestCase"/>
  <testcase name="Fill_Form" time="14.271" classname="TestNgDemo.TestNgMaven.Login_TestCase"/>
</testsuite> <!-- TestNgDemo.TestNgMaven.Login_TestCase -->
