<?xml version="1.0" encoding="UTF-8"?>
<!-- Generated by org.testng.reporters.JUnitReportReporter -->
<testsuite skipped="0" hostname="DESKTOP-MDH6837" name="com.Testng_Test.LogginTestCase" tests="2" failures="0" timestamp="29 Oct 2017 13:42:26 GMT" time="0.000" errors="0">
  <testcase name="m2" time="0.000" classname="com.Testng_Test.LogginTestCase"/>
  <testcase name="m1" time="0.000" classname="com.Testng_Test.LogginTestCase"/>
</testsuite> <!-- com.Testng_Test.LogginTestCase -->
