<?xml version="1.0" encoding="UTF-8"?>
<!-- Generated by org.testng.reporters.JUnitReportReporter -->
<testsuite skipped="0" hostname="DESKTOP-MDH6837" name="com.Testng_Test.NewTest1111" tests="2" failures="0" timestamp="08 Sep 2019 05:48:19 GMT" time="0.031" errors="0">
  <testcase name="longpasswd" time="0.016" classname="com.Testng_Test.NewTest1111"/>
  <testcase name="blankpasswd" time="0.015" classname="com.Testng_Test.NewTest1111"/>
</testsuite> <!-- com.Testng_Test.NewTest1111 -->
