<?xml version="1.0" encoding="UTF-8"?>
<!-- Generated by org.testng.reporters.JUnitReportReporter -->
<testsuite skipped="0" hostname="DESKTOP-MDH6837" name="com.Testng_Test.YY" tests="2" failures="0" timestamp="08 Sep 2019 06:10:26 GMT" time="0.008" errors="0">
  <testcase name="testCase1_YY" time="0.000" classname="com.Testng_Test.YY"/>
  <testcase name="testCase2_YY" time="0.008" classname="com.Testng_Test.YY"/>
</testsuite> <!-- com.Testng_Test.YY -->
