<?xml version="1.0" encoding="UTF-8"?>
<!-- Generated by org.testng.reporters.JUnitReportReporter -->
<testsuite skipped="0" hostname="DESKTOP-MDH6837" name="com.Testng_Test.XX" tests="2" failures="0" timestamp="08 Sep 2019 06:10:26 GMT" time="0.024" errors="0">
  <testcase name="testCase2_XX" time="0.016" classname="com.Testng_Test.XX"/>
  <testcase name="testCase1_XX" time="0.008" classname="com.Testng_Test.XX"/>
</testsuite> <!-- com.Testng_Test.XX -->
