<?xml version="1.0" encoding="UTF-8"?>
<!-- Generated by org.testng.reporters.JUnitReportReporter -->
<testsuite skipped="0" hostname="DESKTOP-MDH6837" name="com.Testng_Test.Login_TestCase_Basic" tests="4" failures="0" timestamp="19 Jan 2019 06:48:49 GMT" time="0.109" errors="0">
  <testcase name="Verify_Url" time="0.016" classname="com.Testng_Test.Login_TestCase_Basic"/>
  <testcase name="verifyApplicationTitle" time="0.011" classname="com.Testng_Test.Login_TestCase_Basic"/>
  <testcase name="verify_Title" time="0.060" classname="com.Testng_Test.Login_TestCase_Basic"/>
  <testcase name="Check_PlaceHolder_Username" time="0.022" classname="com.Testng_Test.Login_TestCase_Basic"/>
</testsuite> <!-- com.Testng_Test.Login_TestCase_Basic -->
