<?xml version="1.0" encoding="UTF-8"?>
<!-- Generated by org.testng.reporters.JUnitReportReporter -->
<testsuite skipped="0" hostname="DESKTOP-MDH6837" name="com.com.Testng_Test.LogginTestCase" tests="1" failures="0" timestamp="29 Oct 2017 06:09:42 GMT" time="0.016" errors="0">
  <testcase name="f" time="0.016" classname="com.com.Testng_Test.LogginTestCase"/>
</testsuite> <!-- com.com.Testng_Test.LogginTestCase -->
