<?xml version="1.0" encoding="UTF-8"?>
<!-- Generated by org.testng.reporters.JUnitReportReporter -->
<testsuite skipped="0" hostname="DESKTOP-MDH6837" name="com.Testng_Test.Test19012019" tests="2" failures="0" timestamp="19 Jan 2019 07:36:18 GMT" time="0.011" errors="0">
  <testcase name="test2" time="0.006" classname="com.Testng_Test.Test19012019"/>
  <testcase name="f" time="0.005" classname="com.Testng_Test.Test19012019"/>
</testsuite> <!-- com.Testng_Test.Test19012019 -->
